/Users/idhemax/proyects/_MINE/cardgameapi/CardDuel.ServerApi.csproj : warning NU1903: Package 'Npgsql' 8.0.0 has a known high severity vulnerability, https://github.com/advisories/GHSA-x9vc-6hfv-hg8c
/Users/idhemax/proyects/_MINE/cardgameapi/CardDuel.ServerApi.csproj : warning NU1903: Package 'Npgsql' 8.0.0 has a known high severity vulnerability, https://github.com/advisories/GHSA-x9vc-6hfv-hg8c
[20:54:57 WRN] The property 'PlayerDeck.CardIds' is a collection or enumeration type with a value converter but with no value comparer. Set a value comparer to ensure the collection/enumeration elements are compared correctly.
[20:54:57 INF] Executed DbCommand (27ms) [Parameters=[], CommandType='Text', CommandTimeout='30']
SELECT EXISTS (
    SELECT 1 FROM pg_catalog.pg_class c
    JOIN pg_catalog.pg_namespace n ON n.oid=c.relnamespace
    WHERE n.nspname='public' AND
          c.relname='__EFMigrationsHistory'
)
[20:54:57 INF] Executed DbCommand (13ms) [Parameters=[], CommandType='Text', CommandTimeout='30']
SELECT "MigrationId", "ProductVersion"
FROM "__EFMigrationsHistory"
ORDER BY "MigrationId";
[20:54:57 INF] Executed DbCommand (2ms) [Parameters=[], CommandType='Text', CommandTimeout='30']
SELECT EXISTS (
    SELECT 1 FROM pg_catalog.pg_class c
    JOIN pg_catalog.pg_namespace n ON n.oid=c.relnamespace
    WHERE n.nspname='public' AND
          c.relname='__EFMigrationsHistory'
)
[20:54:57 INF] Executed DbCommand (1ms) [Parameters=[], CommandType='Text', CommandTimeout='30']
SELECT EXISTS (
    SELECT 1 FROM pg_catalog.pg_class c
    JOIN pg_catalog.pg_namespace n ON n.oid=c.relnamespace
    WHERE n.nspname='public' AND
          c.relname='__EFMigrationsHistory'
)
[20:54:57 INF] Executed DbCommand (1ms) [Parameters=[], CommandType='Text', CommandTimeout='30']
SELECT "MigrationId", "ProductVersion"
FROM "__EFMigrationsHistory"
ORDER BY "MigrationId";
[20:54:57 INF] No migrations were applied. The database is already up to date.
[20:54:57 INF] User profile is available. Using '/Users/idhemax/.aspnet/DataProtection-Keys' as key repository; keys will not be encrypted at rest.
[20:54:57 INF] Now listening on: http://localhost:5000
[20:54:57 INF] Application started. Press Ctrl+C to shut down.
[20:54:57 INF] Hosting environment: Development
[20:54:57 INF] Content root path: /Users/idhemax/proyects/_MINE/cardgameapi
[20:55:01 INF] Request starting HTTP/1.1 GET http://localhost:5000/api/health - null null
[20:55:01 INF] Executing endpoint 'CardDuel.ServerApi.Controllers.HealthController.Get (CardDuel.ServerApi)'
[20:55:01 INF] Route matched with {action = "Get", controller = "Health"}. Executing controller action with signature System.Threading.Tasks.Task`1[Microsoft.AspNetCore.Mvc.IActionResult] Get() on controller CardDuel.ServerApi.Controllers.HealthController (CardDuel.ServerApi).
[20:55:01 INF] Executed DbCommand (5ms) [Parameters=[], CommandType='Text', CommandTimeout='30']
SELECT 1
[20:55:01 INF] Executing OkObjectResult, writing value of type '<>f__AnonymousType7`6[[System.Boolean, System.Private.CoreLib, Version=10.0.0.0, Culture=neutral, PublicKeyToken=7cec85d7bea7798e],[System.String, System.Private.CoreLib, Version=10.0.0.0, Culture=neutral, PublicKeyToken=7cec85d7bea7798e],[System.String, System.Private.CoreLib, Version=10.0.0.0, Culture=neutral, PublicKeyToken=7cec85d7bea7798e],[System.String, System.Private.CoreLib, Version=10.0.0.0, Culture=neutral, PublicKeyToken=7cec85d7bea7798e],[System.DateTimeOffset, System.Private.CoreLib, Version=10.0.0.0, Culture=neutral, PublicKeyToken=7cec85d7bea7798e],[System.String, System.Private.CoreLib, Version=10.0.0.0, Culture=neutral, PublicKeyToken=7cec85d7bea7798e]]'.
[20:55:01 INF] Executed action CardDuel.ServerApi.Controllers.HealthController.Get (CardDuel.ServerApi) in 36.4131ms
[20:55:01 INF] Executed endpoint 'CardDuel.ServerApi.Controllers.HealthController.Get (CardDuel.ServerApi)'
[20:55:01 INF] Request finished HTTP/1.1 GET http://localhost:5000/api/health - 200 null application/json; charset=utf-8 87.1846ms
[20:55:33 INF] Request starting HTTP/1.1 GET http://localhost:5000/api/cards - null null
[20:55:33 INF] Executing endpoint 'CardDuel.ServerApi.Controllers.CardsController.GetAll (CardDuel.ServerApi)'
[20:55:33 INF] Route matched with {action = "GetAll", controller = "Cards"}. Executing controller action with signature Microsoft.AspNetCore.Mvc.IActionResult GetAll() on controller CardDuel.ServerApi.Controllers.CardsController (CardDuel.ServerApi).
[20:55:33 INF] Executing OkObjectResult, writing value of type 'System.Collections.Generic.List`1[[CardDuel.ServerApi.Game.ServerCardDefinition, CardDuel.ServerApi, Version=1.0.0.0, Culture=neutral, PublicKeyToken=null]]'.
[20:55:33 INF] Executed action CardDuel.ServerApi.Controllers.CardsController.GetAll (CardDuel.ServerApi) in 32.0761ms
[20:55:33 INF] Executed endpoint 'CardDuel.ServerApi.Controllers.CardsController.GetAll (CardDuel.ServerApi)'
[20:55:33 INF] Request finished HTTP/1.1 GET http://localhost:5000/api/cards - 200 null application/json; charset=utf-8 47.3224ms
[20:56:08 INF] Request starting HTTP/1.1 GET http://localhost:5000/api/cards - null null
[20:56:08 INF] Executing endpoint 'CardDuel.ServerApi.Controllers.CardsController.GetAll (CardDuel.ServerApi)'
[20:56:08 INF] Route matched with {action = "GetAll", controller = "Cards"}. Executing controller action with signature Microsoft.AspNetCore.Mvc.IActionResult GetAll() on controller CardDuel.ServerApi.Controllers.CardsController (CardDuel.ServerApi).
[20:56:08 INF] Executing OkObjectResult, writing value of type 'System.Collections.Generic.List`1[[CardDuel.ServerApi.Game.ServerCardDefinition, CardDuel.ServerApi, Version=1.0.0.0, Culture=neutral, PublicKeyToken=null]]'.
[20:56:08 INF] Executed action CardDuel.ServerApi.Controllers.CardsController.GetAll (CardDuel.ServerApi) in 1.1775ms
[20:56:08 INF] Executed endpoint 'CardDuel.ServerApi.Controllers.CardsController.GetAll (CardDuel.ServerApi)'
[20:56:08 INF] Request finished HTTP/1.1 GET http://localhost:5000/api/cards - 200 null application/json; charset=utf-8 6.6622ms
